# JRE version: Java(TM) SE Runtime Environment (20.0.1+9) (build 20.0.1+9-29)
# Java VM: Java HotSpot(TM) 64-Bit Server VM (20.0.1+9-29, mixed mode, sharing, tiered, compressed oops, compressed class ptrs, g1 gc, windows-amd64)
GC Precious Log:
 CardTable entry size: 512
 Card Set container configuration: InlinePtr #cards 5 size 8 Array Of Cards #cards 12 size 40 Howl #buckets 4 coarsen threshold 1843 Howl Bitmap #cards 512 size 80 coarsen threshold 460 Card regions per heap region 1 cards per card region 2048
 CPUs: 4 total, 4 available
 Memory: 4016M
 Large Page Support: Disabled
 NUMA Support: Disabled
 Compressed Oops: Enabled (32-bit)
 Heap Region Size: 1M
 Heap Min Capacity: 8M
 Heap Initial Capacity: 64M
 Heap Max Capacity: 1006M
 Pre-touch: Disabled
 Parallel Workers: 4
 Concurrent Workers: 1
 Concurrent Refinement Workers: 4
 Periodic GC: Disabled
Heap:
 garbage-first heap   total 93184K, used 64608K [0x00000000c1200000, 0x0000000100000000)
  region size 1024K, 34 young (34816K), 2 survivors (2048K)
 Metaspace       used 73365K, committed 74176K, reserved 1114112K
  class space    used 9420K, committed 9792K, reserved 1048576K
GC Heap History (20 events):
Event: 109.343 GC heap before
{Heap before GC invocations=20 (full 0):
 garbage-first heap   total 56320K, used 45923K [0x00000000c1200000, 0x0000000100000000)
  region size 1024K, 18 young (18432K), 2 survivors (2048K)
 Metaspace       used 66865K, committed 67648K, reserved 1114112K
  class space    used 8869K, committed 9216K, reserved 1048576K
}
Event: 109.355 GC heap after
{Heap after GC invocations=21 (full 0):
 garbage-first heap   total 56320K, used 32498K [0x00000000c1200000, 0x0000000100000000)
  region size 1024K, 2 young (2048K), 2 survivors (2048K)
 Metaspace       used 66865K, committed 67648K, reserved 1114112K
  class space    used 8869K, committed 9216K, reserved 1048576K
}
Event: 166.760 GC heap before
{Heap before GC invocations=21 (full 0):
 garbage-first heap   total 60416K, used 59122K [0x00000000c1200000, 0x0000000100000000)
  region size 1024K, 15 young (15360K), 2 survivors (2048K)
 Metaspace       used 69946K, committed 70784K, reserved 1114112K
  class space    used 9280K, committed 9664K, reserved 1048576K
}
Event: 166.775 GC heap after
{Heap after GC invocations=22 (full 0):
 garbage-first heap   total 63488K, used 32569K [0x00000000c1200000, 0x0000000100000000)
  region size 1024K, 1 young (1024K), 1 survivors (1024K)
 Metaspace       used 69946K, committed 70784K, reserved 1114112K
  class space    used 9280K, committed 9664K, reserved 1048576K
}
Event: 170.991 GC heap before
{Heap before GC invocations=22 (full 0):
 garbage-first heap   total 63488K, used 32569K [0x00000000c1200000, 0x0000000100000000)
  region size 1024K, 2 young (2048K), 1 survivors (1024K)
 Metaspace       used 69976K, committed 70784K, reserved 1114112K
  class space    used 9280K, committed 9664K, reserved 1048576K
}
Event: 170.994 GC heap after
{Heap after GC invocations=23 (full 0):
 garbage-first heap   total 63488K, used 32491K [0x00000000c1200000, 0x0000000100000000)
  region size 1024K, 1 young (1024K), 1 survivors (1024K)
 Metaspace       used 69976K, committed 70784K, reserved 1114112K
  class space    used 9280K, committed 9664K, reserved 1048576K
}
Event: 181.144 GC heap before
{Heap before GC invocations=24 (full 0):
 garbage-first heap   total 88064K, used 86763K [0x00000000c1200000, 0x0000000100000000)
  region size 1024K, 11 young (11264K), 1 survivors (1024K)
 Metaspace       used 70403K, committed 71168K, reserved 1114112K
  class space    used 9307K, committed 9664K, reserved 1048576K
}
Event: 181.148 GC heap after
{Heap after GC invocations=25 (full 0):
 garbage-first heap   total 90112K, used 39312K [0x00000000c1200000, 0x0000000100000000)
  region size 1024K, 2 young (2048K), 2 survivors (2048K)
 Metaspace       used 70403K, committed 71168K, reserved 1114112K
  class space    used 9307K, committed 9664K, reserved 1048576K
}
Event: 184.644 GC heap before
{Heap before GC invocations=25 (full 0):
 garbage-first heap   total 90112K, used 88464K [0x00000000c1200000, 0x0000000100000000)
  region size 1024K, 19 young (19456K), 2 survivors (2048K)
 Metaspace       used 71687K, committed 72512K, reserved 1114112K
  class space    used 9417K, committed 9792K, reserved 1048576K
}
Event: 184.650 GC heap after
{Heap after GC invocations=26 (full 0):
 garbage-first heap   total 93184K, used 33041K [0x00000000c1200000, 0x0000000100000000)
  region size 1024K, 2 young (2048K), 2 survivors (2048K)
 Metaspace       used 71687K, committed 72512K, reserved 1114112K
  class space    used 9417K, committed 9792K, reserved 1048576K
}
Event: 195.554 GC heap before
{Heap before GC invocations=26 (full 0):
 garbage-first heap   total 93184K, used 83217K [0x00000000c1200000, 0x0000000100000000)
  region size 1024K, 51 young (52224K), 2 survivors (2048K)
 Metaspace       used 73304K, committed 74112K, reserved 1114112K
  class space    used 9419K, committed 9792K, reserved 1048576K
}
Event: 195.564 GC heap after
{Heap after GC invocations=27 (full 0):
 garbage-first heap   total 93184K, used 33025K [0x00000000c1200000, 0x0000000100000000)
  region size 1024K, 2 young (2048K), 2 survivors (2048K)
 Metaspace       used 73304K, committed 74112K, reserved 1114112K
  class space    used 9419K, committed 9792K, reserved 1048576K
}
Event: 203.722 GC heap before
{Heap before GC invocations=28 (full 0):
 garbage-first heap   total 93184K, used 84225K [0x00000000c1200000, 0x0000000100000000)
  region size 1024K, 52 young (53248K), 2 survivors (2048K)
 Metaspace       used 73344K, committed 74112K, reserved 1114112K
  class space    used 9420K, committed 9792K, reserved 1048576K
}
Event: 203.729 GC heap after
{Heap after GC invocations=29 (full 0):
 garbage-first heap   total 93184K, used 33147K [0x00000000c1200000, 0x0000000100000000)
  region size 1024K, 2 young (2048K), 2 survivors (2048K)
 Metaspace       used 73344K, committed 74112K, reserved 1114112K
  class space    used 9420K, committed 9792K, reserved 1048576K
}
Event: 207.572 GC heap before
{Heap before GC invocations=29 (full 0):
 garbage-first heap   total 93184K, used 84347K [0x00000000c1200000, 0x0000000100000000)
  region size 1024K, 52 young (53248K), 2 survivors (2048K)
 Metaspace       used 73345K, committed 74112K, reserved 1114112K
  class space    used 9420K, committed 9792K, reserved 1048576K
}
Event: 207.579 GC heap after
{Heap after GC invocations=30 (full 0):
 garbage-first heap   total 93184K, used 32834K [0x00000000c1200000, 0x0000000100000000)
  region size 1024K, 2 young (2048K), 2 survivors (2048K)
 Metaspace       used 73345K, committed 74112K, reserved 1114112K
  class space    used 9420K, committed 9792K, reserved 1048576K
}
Event: 212.171 GC heap before
{Heap before GC invocations=30 (full 0):
 garbage-first heap   total 93184K, used 84034K [0x00000000c1200000, 0x0000000100000000)
  region size 1024K, 52 young (53248K), 2 survivors (2048K)
 Metaspace       used 73351K, committed 74112K, reserved 1114112K
  class space    used 9420K, committed 9792K, reserved 1048576K
}
Event: 212.177 GC heap after
{Heap after GC invocations=31 (full 0):
 garbage-first heap   total 93184K, used 32815K [0x00000000c1200000, 0x0000000100000000)
  region size 1024K, 2 young (2048K), 2 survivors (2048K)
 Metaspace       used 73351K, committed 74112K, reserved 1114112K
  class space    used 9420K, committed 9792K, reserved 1048576K
}
Event: 217.502 GC heap before
{Heap before GC invocations=32 (full 0):
 garbage-first heap   total 93184K, used 84015K [0x00000000c1200000, 0x0000000100000000)
  region size 1024K, 52 young (53248K), 2 survivors (2048K)
 Metaspace       used 73365K, committed 74176K, reserved 1114112K
  class space    used 9420K, committed 9792K, reserved 1048576K
}
Event: 217.509 GC heap after
{Heap after GC invocations=33 (full 0):
 garbage-first heap   total 93184K, used 32864K [0x00000000c1200000, 0x0000000100000000)
  region size 1024K, 2 young (2048K), 2 survivors (2048K)
 Metaspace       used 73365K, committed 74176K, reserved 1114112K
  class space    used 9420K, committed 9792K, reserved 1048576K
}

